#
# There is insufficient memory for the Java Runtime Environment to continue.
# Native memory allocation (mmap) failed to map 65536 bytes for Failed to commit metaspace.
# Possible reasons:
#   The system is out of physical RAM or swap space
#   The process is running with CompressedOops enabled, and the Java Heap may be blocking the growth of the native heap
# Possible solutions:
#   Reduce memory load on the system
#   Increase physical memory or swap space
#   Check if swap backing store is full
#   Decrease Java heap size (-Xmx/-Xms)
#   Decrease number of Java threads
#   Decrease Java thread stack sizes (-Xss)
#   Set larger code cache with -XX:ReservedCodeCacheSize=
#   JVM is running with Zero Based Compressed Oops mode in which the Java heap is
#     placed in the first 32GB address space. The Java Heap base address is the
#     maximum limit for the native heap growth. Please use -XX:HeapBaseMinAddress
#     to set the Java Heap base and to place the Java Heap above 32GB virtual address.
# This output file may be truncated or incomplete.
#
#  Out of Memory Error (virtualSpaceNode.cpp:110), pid=18692, tid=7584
#
# JRE version: OpenJDK Runtime Environment (17.0.10) (build 17.0.10+0--11572160)
# Java VM: OpenJDK 64-Bit Server VM (17.0.10+0--11572160, mixed mode, tiered, compressed oops, compressed class ptrs, g1 gc, windows-amd64)
# No core dump will be written. Minidumps are not enabled by default on client versions of Windows
#

---------------  S U M M A R Y ------------

Command Line: git4idea.http.GitAskPassApp Password for 'https://bhagwanv@github.com': 

Host: 11th Gen Intel(R) Core(TM) i5-1135G7 @ 2.40GHz, 8 cores, 15G,  Windows 11 , 64 bit Build 22621 (10.0.22621.3527)
Time: Fri May 17 15:29:48 2024 India Standard Time elapsed time: 0.540210 seconds (0d 0h 0m 0s)

---------------  T H R E A D  ---------------

Current thread (0x0000018425683470):  JavaThread "HttpClient-1-Worker-0" daemon [_thread_in_vm, id=7584, stack(0x0000005cad900000,0x0000005cada00000)]

Stack: [0x0000005cad900000,0x0000005cada00000]
Native frames: (J=compiled Java code, j=interpreted, Vv=VM code, C=native code)
V  [jvm.dll+0x688e89]
V  [jvm.dll+0x84247a]
V  [jvm.dll+0x8440be]
V  [jvm.dll+0x844723]
V  [jvm.dll+0x24be0f]
V  [jvm.dll+0x83d45b]
V  [jvm.dll+0x62d4a6]
V  [jvm.dll+0x62d50a]
V  [jvm.dll+0x62fd3a]
V  [jvm.dll+0x62de46]
V  [jvm.dll+0x240ee0]
V  [jvm.dll+0x1ef4fb]
V  [jvm.dll+0x1e4e1c]
V  [jvm.dll+0x54dd1c]
V  [jvm.dll+0x1f59bb]
V  [jvm.dll+0x7bac1b]
V  [jvm.dll+0x7bc08c]
V  [jvm.dll+0x7bc3d8]
V  [jvm.dll+0x24386e]
V  [jvm.dll+0x243abf]
V  [jvm.dll+0x56bff8]
V  [jvm.dll+0x56ef77]
V  [jvm.dll+0x38bef2]
V  [jvm.dll+0x38b55f]
C  0x000001840c57a519

The last pc belongs to invokestatic (printed below).
Java frames: (J=compiled Java code, j=interpreted, Vv=VM code)
j  sun.security.ssl.SignatureScheme.getVerifier(Ljava/security/PublicKey;)Ljava/security/Signature;+37 java.base@17.0.10
j  sun.security.ssl.CertificateVerify$T13CertificateVerifyMessage.<init>(Lsun/security/ssl/HandshakeContext;Ljava/nio/ByteBuffer;)V+322 java.base@17.0.10
j  sun.security.ssl.CertificateVerify$T13CertificateVerifyConsumer.consume(Lsun/security/ssl/ConnectionContext;Ljava/nio/ByteBuffer;)V+28 java.base@17.0.10
j  sun.security.ssl.SSLHandshake.consume(Lsun/security/ssl/ConnectionContext;Ljava/nio/ByteBuffer;)V+13 java.base@17.0.10
j  sun.security.ssl.HandshakeContext.dispatch(BLjava/nio/ByteBuffer;)V+73 java.base@17.0.10
j  sun.security.ssl.SSLEngineImpl$DelegatedTask$DelegatedAction.run()Ljava/lang/Void;+60 java.base@17.0.10
j  sun.security.ssl.SSLEngineImpl$DelegatedTask$DelegatedAction.run()Ljava/lang/Object;+1 java.base@17.0.10
j  java.security.AccessController.executePrivileged(Ljava/security/PrivilegedExceptionAction;Ljava/security/AccessControlContext;Ljava/lang/Class;)Ljava/lang/Object;+29 java.base@17.0.10
j  java.security.AccessController.doPrivileged(Ljava/security/PrivilegedExceptionAction;Ljava/security/AccessControlContext;)Ljava/lang/Object;+13 java.base@17.0.10
j  sun.security.ssl.SSLEngineImpl$DelegatedTask.run()V+66 java.base@17.0.10
j  jdk.internal.net.http.common.SSLFlowDelegate$$Lambda$147+0x00000008001c13d0.accept(Ljava/lang/Object;)V+4 java.net.http@17.0.10
j  java.util.ArrayList.forEach(Ljava/util/function/Consumer;)V+46 java.base@17.0.10
j  jdk.internal.net.http.common.SSLFlowDelegate.lambda$executeTasks$3(Ljava/util/List;)V+43 java.net.http@17.0.10
j  jdk.internal.net.http.common.SSLFlowDelegate$$Lambda$146+0x00000008001c1188.run()V+8 java.net.http@17.0.10
j  jdk.internal.net.http.HttpClientImpl$DelegatingExecutor.execute(Ljava/lang/Runnable;)V+26 java.net.http@17.0.10
j  jdk.internal.net.http.common.SSLFlowDelegate.executeTasks(Ljava/util/List;)V+11 java.net.http@17.0.10
j  jdk.internal.net.http.common.SSLFlowDelegate.doHandshake(Ljdk/internal/net/http/common/SSLFlowDelegate$EngineResult;I)Z+154 java.net.http@17.0.10
j  jdk.internal.net.http.common.SSLFlowDelegate$Reader.processData()V+572 java.net.http@17.0.10
j  jdk.internal.net.http.common.SSLFlowDelegate$Reader$ReaderDownstreamPusher.run()V+4 java.net.http@17.0.10
j  jdk.internal.net.http.common.SequentialScheduler$LockingRestartableTask.run()V+34 java.net.http@17.0.10
j  jdk.internal.net.http.common.SequentialScheduler$CompleteRestartableTask.run(Ljdk/internal/net/http/common/SequentialScheduler$DeferredCompleter;)V+1 java.net.http@17.0.10
j  jdk.internal.net.http.common.SequentialScheduler$TryEndDeferredCompleter.complete()V+162 java.net.http@17.0.10
j  jdk.internal.net.http.common.SequentialScheduler$CompleteRestartableTask.run(Ljdk/internal/net/http/common/SequentialScheduler$DeferredCompleter;)V+5 java.net.http@17.0.10
j  jdk.internal.net.http.common.SequentialScheduler$SchedulableTask.run()V+14 java.net.http@17.0.10
j  java.util.concurrent.ThreadPoolExecutor.runWorker(Ljava/util/concurrent/ThreadPoolExecutor$Worker;)V+92 java.base@17.0.10
j  java.util.concurrent.ThreadPoolExecutor$Worker.run()V+5 java.base@17.0.10
j  java.lang.Thread.run()V+11 java.base@17.0.10
v  ~StubRoutines::call_stub
invokestatic  184 invokestatic  [0x000001840c57a460, 0x000001840c57a720]  704 bytes
[MachCode]
  0x000001840c57a460: 4883 ec08 | c5fa 1104 | 24eb 1f48 | 83ec 10c5 | fb11 0424 | eb14 4883 | ec10 4889 | 0424 48c7 
  0x000001840c57a480: 4424 0800 | 0000 00eb | 0150 4c89 | 6dc0 410f | b755 0148 | 8b4d d0c1 | e202 8b5c | d120 c1eb 
  0x000001840c57a4a0: 1081 e3ff | 0000 0081 | fbb8 0000 | 000f 84b6 | 0000 00bb | b800 0000 | e805 0000 | 00e9 9b00 
  0x000001840c57a4c0: 0000 488b | d348 8d44 | 2408 4c89 | 6dc0 498b | cfc5 f877 | 4989 afa8 | 0200 0049 | 8987 9802 
  0x000001840c57a4e0: 0000 4883 | ec20 f7c4 | 0f00 0000 | 0f84 1a00 | 0000 4883 | ec08 49ba | f0b4 1246 | f97f 0000 
  0x000001840c57a500: 41ff d248 | 83c4 08e9 | 0d00 0000 | 49ba f0b4 | 1246 f97f | 0000 41ff | d248 83c4 | 2049 c787 
  0x000001840c57a520: 9802 0000 | 0000 0000 | 49c7 87a8 | 0200 0000 | 0000 0049 | c787 a002 | 0000 0000 | 0000 c5f8 
  0x000001840c57a540: 7749 817f | 0800 0000 | 000f 8405 | 0000 00e9 | ac69 feff | 4c8b 6dc0 | 4c8b 75c8 | c341 0fb7 
  0x000001840c57a560: 5501 488b | 4dd0 c1e2 | 0248 8b5c | d128 488b | 5b08 488b | 5b08 488b | 5b18 80bb | 5b01 0000 
  0x000001840c57a580: 040f 840d | 0000 004c | 3bbb 6001 | 0000 0f85 | 1fff ffff | 488b 5cd1 | 288b 54d1 | 38c1 ea1c 
  0x000001840c57a5a0: 49ba 9065 | 9546 f97f | 0000 498b | 14d2 5248 | 8b45 d848 | 85c0 0f84 | 1200 0000 | 4883 4008 
  0x000001840c57a5c0: 0148 8358 | 0800 4883 | c010 4889 | 45d8 488b | 45d8 4885 | c00f 8435 | 0100 0080 | 78f0 0a0f 
  0x000001840c57a5e0: 852b 0100 | 0048 83c0 | 084c 8b68 | f841 83ed | 0041 83fd | 020f 8c0a | 0100 004c | 8b6b 0845 
  0x000001840c57a600: 0fb7 6d2c | 4c2b 2841 | 83ed 014e | 8b6c ec08 | 4d85 ed75 | 0748 8348 | 0801 eb53 | 458b 6d08 
  0x000001840c57a620: 49ba 0000 | 0000 0800 | 0000 4d03 | ea4c 3368 | 0849 f7c5 | fcff ffff | 7435 49f7 | c502 0000 
  0x000001840c57a640: 0075 2c48 | 8178 0800 | 0000 0074 | 1e48 8178 | 0801 0000 | 0074 144c | 3368 0849 | f7c5 fcff 
  0x000001840c57a660: ffff 740b | 4883 4808 | 02eb 044c | 8968 0848 | 83c0 104c | 8b68 e841 | 83ed 0241 | 83fd 020f 
  0x000001840c57a680: 8c80 0000 | 004c 8b6b | 0845 0fb7 | 6d2c 4c2b | 2841 83ed | 014e 8b6c | ec08 4d85 | ed75 0748 
  0x000001840c57a6a0: 8348 0801 | eb53 458b | 6d08 49ba | 0000 0000 | 0800 0000 | 4d03 ea4c | 3368 0849 | f7c5 fcff 
  0x000001840c57a6c0: ffff 7435 | 49f7 c502 | 0000 0075 | 2c48 8178 | 0800 0000 | 0074 1e48 | 8178 0801 | 0000 0074 
  0x000001840c57a6e0: 144c 3368 | 0849 f7c5 | fcff ffff | 740b 4883 | 4808 02eb | 044c 8968 | 0848 83c0 | 104c 8b68 
  0x000001840c57a700: d841 83ed | 0441 c1e5 | 0349 03c5 | 4889 45d8 | 4c8d 6c24 | 084c 896d | f0ff 6360 | 0f1f 4000 
[/MachCode]

---------------  P R O C E S S  ---------------

Threads class SMR info:
_java_thread_list=0x00000184256aed60, length=16, elements={
0x000001840034a960, 0x0000018425081270, 0x0000018425081e30, 0x00000184250b0a10,
0x00000184250b12e0, 0x00000184250b3cb0, 0x00000184250b6680, 0x00000184250b7420,
0x00000184250d47e0, 0x00000184250d71f0, 0x000001842522aee0, 0x000001842523f420,
0x000001842561e7b0, 0x0000018425683470, 0x000001842568ea30, 0x0000018425699c00
}

Java Threads: ( => current thread )
  0x000001840034a960 JavaThread "main" [_thread_blocked, id=10996, stack(0x0000005cac400000,0x0000005cac500000)]
  0x0000018425081270 JavaThread "Reference Handler" daemon [_thread_blocked, id=17016, stack(0x0000005cacb00000,0x0000005cacc00000)]
  0x0000018425081e30 JavaThread "Finalizer" daemon [_thread_blocked, id=16936, stack(0x0000005cacc00000,0x0000005cacd00000)]
  0x00000184250b0a10 JavaThread "Signal Dispatcher" daemon [_thread_blocked, id=6452, stack(0x0000005cacd00000,0x0000005cace00000)]
  0x00000184250b12e0 JavaThread "Attach Listener" daemon [_thread_blocked, id=19204, stack(0x0000005cace00000,0x0000005cacf00000)]
  0x00000184250b3cb0 JavaThread "Service Thread" daemon [_thread_blocked, id=17624, stack(0x0000005cacf00000,0x0000005cad000000)]
  0x00000184250b6680 JavaThread "Monitor Deflation Thread" daemon [_thread_blocked, id=12652, stack(0x0000005cad000000,0x0000005cad100000)]
  0x00000184250b7420 JavaThread "C2 CompilerThread0" daemon [_thread_blocked, id=17800, stack(0x0000005cad100000,0x0000005cad200000)]
  0x00000184250d47e0 JavaThread "C1 CompilerThread0" daemon [_thread_blocked, id=2312, stack(0x0000005cad200000,0x0000005cad300000)]
  0x00000184250d71f0 JavaThread "Sweeper thread" daemon [_thread_blocked, id=13400, stack(0x0000005cad300000,0x0000005cad400000)]
  0x000001842522aee0 JavaThread "Notification Thread" daemon [_thread_blocked, id=18220, stack(0x0000005cad400000,0x0000005cad500000)]
  0x000001842523f420 JavaThread "Common-Cleaner" daemon [_thread_blocked, id=10168, stack(0x0000005cad600000,0x0000005cad700000)]
  0x000001842561e7b0 JavaThread "HttpClient-1-SelectorManager" daemon [_thread_in_native, id=7760, stack(0x0000005cad700000,0x0000005cad800000)]
=>0x0000018425683470 JavaThread "HttpClient-1-Worker-0" daemon [_thread_in_vm, id=7584, stack(0x0000005cad900000,0x0000005cada00000)]
  0x000001842568ea30 JavaThread "HttpClient-1-Worker-1" daemon [_thread_blocked, id=9772, stack(0x0000005cada00000,0x0000005cadb00000)]
  0x0000018425699c00 JavaThread "C2 CompilerThread1" daemon [_thread_blocked, id=19784, stack(0x0000005cadb00000,0x0000005cadc00000)]

Other Threads:
  0x000001842500d030 VMThread "VM Thread" [stack: 0x0000005caca00000,0x0000005cacb00000] [id=3396]
  0x000001842522d3d0 WatcherThread [stack: 0x0000005cad500000,0x0000005cad600000] [id=3364]
  0x00000184003b6930 GCTaskThread "GC Thread#0" [stack: 0x0000005cac500000,0x0000005cac600000] [id=1800]
  0x00000184003c7480 ConcurrentGCThread "G1 Main Marker" [stack: 0x0000005cac600000,0x0000005cac700000] [id=9192]
  0x00000184003c7ea0 ConcurrentGCThread "G1 Conc#0" [stack: 0x0000005cac700000,0x0000005cac800000] [id=14552]
  0x0000018420a02a90 ConcurrentGCThread "G1 Refine#0" [stack: 0x0000005cac800000,0x0000005cac900000] [id=8724]
  0x0000018420a034c0 ConcurrentGCThread "G1 Service" [stack: 0x0000005cac900000,0x0000005caca00000] [id=17172]

Threads with active compile tasks:

VM state: not at safepoint (normal execution)

VM Mutex/Monitor currently owned by a thread:  ([mutex/lock_event])
[0x00000184002eb830] Metaspace_lock - owner thread: 0x0000018425683470

Heap address: 0x0000000704000000, size: 4032 MB, Compressed Oops mode: Zero based, Oop shift amount: 3

CDS archive(s) not mapped
Compressed class space mapped at: 0x0000000800000000-0x0000000840000000, reserved size: 1073741824
Narrow klass base: 0x0000000800000000, Narrow klass shift: 0, Narrow klass range: 0x40000000

GC Precious Log:
 CPUs: 8 total, 8 available
 Memory: 16126M
 Large Page Support: Disabled
 NUMA Support: Disabled
 Compressed Oops: Enabled (Zero based)
 Heap Region Size: 2M
 Heap Min Capacity: 8M
 Heap Initial Capacity: 252M
 Heap Max Capacity: 4032M
 Pre-touch: Disabled
 Parallel Workers: 8
 Concurrent Workers: 2
 Concurrent Refinement Workers: 8
 Periodic GC: Disabled

Heap:
 garbage-first heap   total 258048K, used 12288K [0x0000000704000000, 0x0000000800000000)
  region size 2048K, 7 young (14336K), 0 survivors (0K)
 Metaspace       used 16108K, committed 16256K, reserved 1114112K
  class space    used 1685K, committed 1792K, reserved 1048576K

Heap Regions: E=young(eden), S=young(survivor), O=old, HS=humongous(starts), HC=humongous(continues), CS=collection set, F=free, OA=open archive, CA=closed archive, TAMS=top-at-mark-start (previous, next)
|   0|0x0000000704000000, 0x0000000704000000, 0x0000000704200000|  0%| F|  |TAMS 0x0000000704000000, 0x0000000704000000| Untracked 
|   1|0x0000000704200000, 0x0000000704200000, 0x0000000704400000|  0%| F|  |TAMS 0x0000000704200000, 0x0000000704200000| Untracked 
|   2|0x0000000704400000, 0x0000000704400000, 0x0000000704600000|  0%| F|  |TAMS 0x0000000704400000, 0x0000000704400000| Untracked 
|   3|0x0000000704600000, 0x0000000704600000, 0x0000000704800000|  0%| F|  |TAMS 0x0000000704600000, 0x0000000704600000| Untracked 
|   4|0x0000000704800000, 0x0000000704800000, 0x0000000704a00000|  0%| F|  |TAMS 0x0000000704800000, 0x0000000704800000| Untracked 
|   5|0x0000000704a00000, 0x0000000704a00000, 0x0000000704c00000|  0%| F|  |TAMS 0x0000000704a00000, 0x0000000704a00000| Untracked 
|   6|0x0000000704c00000, 0x0000000704c00000, 0x0000000704e00000|  0%| F|  |TAMS 0x0000000704c00000, 0x0000000704c00000| Untracked 
|   7|0x0000000704e00000, 0x0000000704e00000, 0x0000000705000000|  0%| F|  |TAMS 0x0000000704e00000, 0x0000000704e00000| Untracked 
|   8|0x0000000705000000, 0x0000000705000000, 0x0000000705200000|  0%| F|  |TAMS 0x0000000705000000, 0x0000000705000000| Untracked 
|   9|0x0000000705200000, 0x0000000705200000, 0x0000000705400000|  0%| F|  |TAMS 0x0000000705200000, 0x0000000705200000| Untracked 
|  10|0x0000000705400000, 0x0000000705400000, 0x0000000705600000|  0%| F|  |TAMS 0x0000000705400000, 0x0000000705400000| Untracked 
|  11|0x0000000705600000, 0x0000000705600000, 0x0000000705800000|  0%| F|  |TAMS 0x0000000705600000, 0x0000000705600000| Untracked 
|  12|0x0000000705800000, 0x0000000705800000, 0x0000000705a00000|  0%| F|  |TAMS 0x0000000705800000, 0x0000000705800000| Untracked 
|  13|0x0000000705a00000, 0x0000000705a00000, 0x0000000705c00000|  0%| F|  |TAMS 0x0000000705a00000, 0x0000000705a00000| Untracked 
|  14|0x0000000705c00000, 0x0000000705c00000, 0x0000000705e00000|  0%| F|  |TAMS 0x0000000705c00000, 0x0000000705c00000| Untracked 
|  15|0x0000000705e00000, 0x0000000705e00000, 0x0000000706000000|  0%| F|  |TAMS 0x0000000705e00000, 0x0000000705e00000| Untracked 
|  16|0x0000000706000000, 0x0000000706000000, 0x0000000706200000|  0%| F|  |TAMS 0x0000000706000000, 0x0000000706000000| Untracked 
|  17|0x0000000706200000, 0x0000000706200000, 0x0000000706400000|  0%| F|  |TAMS 0x0000000706200000, 0x0000000706200000| Untracked 
|  18|0x0000000706400000, 0x0000000706400000, 0x0000000706600000|  0%| F|  |TAMS 0x0000000706400000, 0x0000000706400000| Untracked 
|  19|0x0000000706600000, 0x0000000706600000, 0x0000000706800000|  0%| F|  |TAMS 0x0000000706600000, 0x0000000706600000| Untracked 
|  20|0x0000000706800000, 0x0000000706800000, 0x0000000706a00000|  0%| F|  |TAMS 0x0000000706800000, 0x0000000706800000| Untracked 
|  21|0x0000000706a00000, 0x0000000706a00000, 0x0000000706c00000|  0%| F|  |TAMS 0x0000000706a00000, 0x0000000706a00000| Untracked 
|  22|0x0000000706c00000, 0x0000000706c00000, 0x0000000706e00000|  0%| F|  |TAMS 0x0000000706c00000, 0x0000000706c00000| Untracked 
|  23|0x0000000706e00000, 0x0000000706e00000, 0x0000000707000000|  0%| F|  |TAMS 0x0000000706e00000, 0x0000000706e00000| Untracked 
|  24|0x0000000707000000, 0x0000000707000000, 0x0000000707200000|  0%| F|  |TAMS 0x0000000707000000, 0x0000000707000000| Untracked 
|  25|0x0000000707200000, 0x0000000707200000, 0x0000000707400000|  0%| F|  |TAMS 0x0000000707200000, 0x0000000707200000| Untracked 
|  26|0x0000000707400000, 0x0000000707400000, 0x0000000707600000|  0%| F|  |TAMS 0x0000000707400000, 0x0000000707400000| Untracked 
|  27|0x0000000707600000, 0x0000000707600000, 0x0000000707800000|  0%| F|  |TAMS 0x0000000707600000, 0x0000000707600000| Untracked 
|  28|0x0000000707800000, 0x0000000707800000, 0x0000000707a00000|  0%| F|  |TAMS 0x0000000707800000, 0x0000000707800000| Untracked 
|  29|0x0000000707a00000, 0x0000000707a00000, 0x0000000707c00000|  0%| F|  |TAMS 0x0000000707a00000, 0x0000000707a00000| Untracked 
|  30|0x0000000707c00000, 0x0000000707c00000, 0x0000000707e00000|  0%| F|  |TAMS 0x0000000707c00000, 0x0000000707c00000| Untracked 
|  31|0x0000000707e00000, 0x0000000707e00000, 0x0000000708000000|  0%| F|  |TAMS 0x0000000707e00000, 0x0000000707e00000| Untracked 
|  32|0x0000000708000000, 0x0000000708000000, 0x0000000708200000|  0%| F|  |TAMS 0x0000000708000000, 0x0000000708000000| Untracked 
|  33|0x0000000708200000, 0x0000000708200000, 0x0000000708400000|  0%| F|  |TAMS 0x0000000708200000, 0x0000000708200000| Untracked 
|  34|0x0000000708400000, 0x0000000708400000, 0x0000000708600000|  0%| F|  |TAMS 0x0000000708400000, 0x0000000708400000| Untracked 
|  35|0x0000000708600000, 0x0000000708600000, 0x0000000708800000|  0%| F|  |TAMS 0x0000000708600000, 0x0000000708600000| Untracked 
|  36|0x0000000708800000, 0x0000000708800000, 0x0000000708a00000|  0%| F|  |TAMS 0x0000000708800000, 0x0000000708800000| Untracked 
|  37|0x0000000708a00000, 0x0000000708a00000, 0x0000000708c00000|  0%| F|  |TAMS 0x0000000708a00000, 0x0000000708a00000| Untracked 
|  38|0x0000000708c00000, 0x0000000708c00000, 0x0000000708e00000|  0%| F|  |TAMS 0x0000000708c00000, 0x0000000708c00000| Untracked 
|  39|0x0000000708e00000, 0x0000000708e00000, 0x0000000709000000|  0%| F|  |TAMS 0x0000000708e00000, 0x0000000708e00000| Untracked 
|  40|0x0000000709000000, 0x0000000709000000, 0x0000000709200000|  0%| F|  |TAMS 0x0000000709000000, 0x0000000709000000| Untracked 
|  41|0x0000000709200000, 0x0000000709200000, 0x0000000709400000|  0%| F|  |TAMS 0x0000000709200000, 0x0000000709200000| Untracked 
|  42|0x0000000709400000, 0x0000000709400000, 0x0000000709600000|  0%| F|  |TAMS 0x0000000709400000, 0x0000000709400000| Untracked 
|  43|0x0000000709600000, 0x0000000709600000, 0x0000000709800000|  0%| F|  |TAMS 0x0000000709600000, 0x0000000709600000| Untracked 
|  44|0x0000000709800000, 0x0000000709800000, 0x0000000709a00000|  0%| F|  |TAMS 0x0000000709800000, 0x0000000709800000| Untracked 
|  45|0x0000000709a00000, 0x0000000709a00000, 0x0000000709c00000|  0%| F|  |TAMS 0x0000000709a00000, 0x0000000709a00000| Untracked 
|  46|0x0000000709c00000, 0x0000000709c00000, 0x0000000709e00000|  0%| F|  |TAMS 0x0000000709c00000, 0x0000000709c00000| Untracked 
|  47|0x0000000709e00000, 0x0000000709e00000, 0x000000070a000000|  0%| F|  |TAMS 0x0000000709e00000, 0x0000000709e00000| Untracked 
|  48|0x000000070a000000, 0x000000070a000000, 0x000000070a200000|  0%| F|  |TAMS 0x000000070a000000, 0x000000070a000000| Untracked 
|  49|0x000000070a200000, 0x000000070a200000, 0x000000070a400000|  0%| F|  |TAMS 0x000000070a200000, 0x000000070a200000| Untracked 
|  50|0x000000070a400000, 0x000000070a400000, 0x000000070a600000|  0%| F|  |TAMS 0x000000070a400000, 0x000000070a400000| Untracked 
|  51|0x000000070a600000, 0x000000070a600000, 0x000000070a800000|  0%| F|  |TAMS 0x000000070a600000, 0x000000070a600000| Untracked 
|  52|0x000000070a800000, 0x000000070a800000, 0x000000070aa00000|  0%| F|  |TAMS 0x000000070a800000, 0x000000070a800000| Untracked 
|  53|0x000000070aa00000, 0x000000070aa00000, 0x000000070ac00000|  0%| F|  |TAMS 0x000000070aa00000, 0x000000070aa00000| Untracked 
|  54|0x000000070ac00000, 0x000000070ac00000, 0x000000070ae00000|  0%| F|  |TAMS 0x000000070ac00000, 0x000000070ac00000| Untracked 
|  55|0x000000070ae00000, 0x000000070ae00000, 0x000000070b000000|  0%| F|  |TAMS 0x000000070ae00000, 0x000000070ae00000| Untracked 
|  56|0x000000070b000000, 0x000000070b000000, 0x000000070b200000|  0%| F|  |TAMS 0x000000070b000000, 0x000000070b000000| Untracked 
|  57|0x000000070b200000, 0x000000070b200000, 0x000000070b400000|  0%| F|  |TAMS 0x000000070b200000, 0x000000070b200000| Untracked 
|  58|0x000000070b400000, 0x000000070b400000, 0x000000070b600000|  0%| F|  |TAMS 0x000000070b400000, 0x000000070b400000| Untracked 
|  59|0x000000070b600000, 0x000000070b600000, 0x000000070b800000|  0%| F|  |TAMS 0x000000070b600000, 0x000000070b600000| Untracked 
|  60|0x000000070b800000, 0x000000070b800000, 0x000000070ba00000|  0%| F|  |TAMS 0x000000070b800000, 0x000000070b800000| Untracked 
|  61|0x000000070ba00000, 0x000000070ba00000, 0x000000070bc00000|  0%| F|  |TAMS 0x000000070ba00000, 0x000000070ba00000| Untracked 
|  62|0x000000070bc00000, 0x000000070bc00000, 0x000000070be00000|  0%| F|  |TAMS 0x000000070bc00000, 0x000000070bc00000| Untracked 
|  63|0x000000070be00000, 0x000000070be00000, 0x000000070c000000|  0%| F|  |TAMS 0x000000070be00000, 0x000000070be00000| Untracked 
|  64|0x000000070c000000, 0x000000070c000000, 0x000000070c200000|  0%| F|  |TAMS 0x000000070c000000, 0x000000070c000000| Untracked 
|  65|0x000000070c200000, 0x000000070c200000, 0x000000070c400000|  0%| F|  |TAMS 0x000000070c200000, 0x000000070c200000| Untracked 
|  66|0x000000070c400000, 0x000000070c400000, 0x000000070c600000|  0%| F|  |TAMS 0x000000070c400000, 0x000000070c400000| Untracked 
|  67|0x000000070c600000, 0x000000070c600000, 0x000000070c800000|  0%| F|  |TAMS 0x000000070c600000, 0x000000070c600000| Untracked 
|  68|0x000000070c800000, 0x000000070c800000, 0x000000070ca00000|  0%| F|  |TAMS 0x000000070c800000, 0x000000070c800000| Untracked 
|  69|0x000000070ca00000, 0x000000070ca00000, 0x000000070cc00000|  0%| F|  |TAMS 0x000000070ca00000, 0x000000070ca00000| Untracked 
|  70|0x000000070cc00000, 0x000000070cc00000, 0x000000070ce00000|  0%| F|  |TAMS 0x000000070cc00000, 0x000000070cc00000| Untracked 
|  71|0x000000070ce00000, 0x000000070ce00000, 0x000000070d000000|  0%| F|  |TAMS 0x000000070ce00000, 0x000000070ce00000| Untracked 
|  72|0x000000070d000000, 0x000000070d000000, 0x000000070d200000|  0%| F|  |TAMS 0x000000070d000000, 0x000000070d000000| Untracked 
|  73|0x000000070d200000, 0x000000070d200000, 0x000000070d400000|  0%| F|  |TAMS 0x000000070d200000, 0x000000070d200000| Untracked 
|  74|0x000000070d400000, 0x000000070d400000, 0x000000070d600000|  0%| F|  |TAMS 0x000000070d400000, 0x000000070d400000| Untracked 
|  75|0x000000070d600000, 0x000000070d600000, 0x000000070d800000|  0%| F|  |TAMS 0x000000070d600000, 0x000000070d600000| Untracked 
|  76|0x000000070d800000, 0x000000070d800000, 0x000000070da00000|  0%| F|  |TAMS 0x000000070d800000, 0x000000070d800000| Untracked 
|  77|0x000000070da00000, 0x000000070da00000, 0x000000070dc00000|  0%| F|  |TAMS 0x000000070da00000, 0x000000070da00000| Untracked 
|  78|0x000000070dc00000, 0x000000070dc00000, 0x000000070de00000|  0%| F|  |TAMS 0x000000070dc00000, 0x000000070dc00000| Untracked 
|  79|0x000000070de00000, 0x000000070de00000, 0x000000070e000000|  0%| F|  |TAMS 0x000000070de00000, 0x000000070de00000| Untracked 
|  80|0x000000070e000000, 0x000000070e000000, 0x000000070e200000|  0%| F|  |TAMS 0x000000070e000000, 0x000000070e000000| Untracked 
|  81|0x000000070e200000, 0x000000070e200000, 0x000000070e400000|  0%| F|  |TAMS 0x000000070e200000, 0x000000070e200000| Untracked 
|  82|0x000000070e400000, 0x000000070e400000, 0x000000070e600000|  0%| F|  |TAMS 0x000000070e400000, 0x000000070e400000| Untracked 
|  83|0x000000070e600000, 0x000000070e600000, 0x000000070e800000|  0%| F|  |TAMS 0x000000070e600000, 0x000000070e600000| Untracked 
|  84|0x000000070e800000, 0x000000070e800000, 0x000000070ea00000|  0%| F|  |TAMS 0x000000070e800000, 0x000000070e800000| Untracked 
|  85|0x000000070ea00000, 0x000000070ea00000, 0x000000070ec00000|  0%| F|  |TAMS 0x000000070ea00000, 0x000000070ea00000| Untracked 
|  86|0x000000070ec00000, 0x000000070ec00000, 0x000000070ee00000|  0%| F|  |TAMS 0x000000070ec00000, 0x000000070ec00000| Untracked 
|  87|0x000000070ee00000, 0x000000070ee00000, 0x000000070f000000|  0%| F|  |TAMS 0x000000070ee00000, 0x000000070ee00000| Untracked 
|  88|0x000000070f000000, 0x000000070f000000, 0x000000070f200000|  0%| F|  |TAMS 0x000000070f000000, 0x000000070f000000| Untracked 
|  89|0x000000070f200000, 0x000000070f200000, 0x000000070f400000|  0%| F|  |TAMS 0x000000070f200000, 0x000000070f200000| Untracked 
|  90|0x000000070f400000, 0x000000070f400000, 0x000000070f600000|  0%| F|  |TAMS 0x000000070f400000, 0x000000070f400000| Untracked 
|  91|0x000000070f600000, 0x000000070f600000, 0x000000070f800000|  0%| F|  |TAMS 0x000000070f600000, 0x000000070f600000| Untracked 
|  92|0x000000070f800000, 0x000000070f800000, 0x000000070fa00000|  0%| F|  |TAMS 0x000000070f800000, 0x000000070f800000| Untracked 
|  93|0x000000070fa00000, 0x000000070fa00000, 0x000000070fc00000|  0%| F|  |TAMS 0x000000070fa00000, 0x000000070fa00000| Untracked 
|  94|0x000000070fc00000, 0x000000070fc00000, 0x000000070fe00000|  0%| F|  |TAMS 0x000000070fc00000, 0x000000070fc00000| Untracked 
|  95|0x000000070fe00000, 0x000000070fe00000, 0x0000000710000000|  0%| F|  |TAMS 0x000000070fe00000, 0x000000070fe00000| Untracked 
|  96|0x0000000710000000, 0x0000000710000000, 0x0000000710200000|  0%| F|  |TAMS 0x0000000710000000, 0x0000000710000000| Untracked 
|  97|0x0000000710200000, 0x0000000710200000, 0x0000000710400000|  0%| F|  |TAMS 0x0000000710200000, 0x0000000710200000| Untracked 
|  98|0x0000000710400000, 0x0000000710400000, 0x0000000710600000|  0%| F|  |TAMS 0x0000000710400000, 0x0000000710400000| Untracked 
|  99|0x0000000710600000, 0x0000000710600000, 0x0000000710800000|  0%| F|  |TAMS 0x0000000710600000, 0x0000000710600000| Untracked 
| 100|0x0000000710800000, 0x0000000710800000, 0x0000000710a00000|  0%| F|  |TAMS 0x0000000710800000, 0x0000000710800000| Untracked 
| 101|0x0000000710a00000, 0x0000000710a00000, 0x0000000710c00000|  0%| F|  |TAMS 0x0000000710a00000, 0x0000000710a00000| Untracked 
| 102|0x0000000710c00000, 0x0000000710c00000, 0x0000000710e00000|  0%| F|  |TAMS 0x0000000710c00000, 0x0000000710c00000| Untracked 
| 103|0x0000000710e00000, 0x0000000710e00000, 0x0000000711000000|  0%| F|  |TAMS 0x0000000710e00000, 0x0000000710e00000| Untracked 
| 104|0x0000000711000000, 0x0000000711000000, 0x0000000711200000|  0%| F|  |TAMS 0x0000000711000000, 0x0000000711000000| Untracked 
| 105|0x0000000711200000, 0x0000000711200000, 0x0000000711400000|  0%| F|  |TAMS 0x0000000711200000, 0x0000000711200000| Untracked 
| 106|0x0000000711400000, 0x0000000711400000, 0x0000000711600000|  0%| F|  |TAMS 0x0000000711400000, 0x0000000711400000| Untracked 
| 107|0x0000000711600000, 0x0000000711600000, 0x0000000711800000|  0%| F|  |TAMS 0x0000000711600000, 0x0000000711600000| Untracked 
| 108|0x0000000711800000, 0x0000000711800000, 0x0000000711a00000|  0%| F|  |TAMS 0x0000000711800000, 0x0000000711800000| Untracked 
| 109|0x0000000711a00000, 0x0000000711a00000, 0x0000000711c00000|  0%| F|  |TAMS 0x0000000711a00000, 0x0000000711a00000| Untracked 
| 110|0x0000000711c00000, 0x0000000711c00000, 0x0000000711e00000|  0%| F|  |TAMS 0x0000000711c00000, 0x0000000711c00000| Untracked 
| 111|0x0000000711e00000, 0x0000000711e00000, 0x0000000712000000|  0%| F|  |TAMS 0x0000000711e00000, 0x0000000711e00000| Untracked 
| 112|0x0000000712000000, 0x0000000712000000, 0x0000000712200000|  0%| F|  |TAMS 0x0000000712000000, 0x0000000712000000| Untracked 
| 113|0x0000000712200000, 0x0000000712200000, 0x0000000712400000|  0%| F|  |TAMS 0x0000000712200000, 0x0000000712200000| Untracked 
| 114|0x0000000712400000, 0x0000000712400000, 0x0000000712600000|  0%| F|  |TAMS 0x0000000712400000, 0x0000000712400000| Untracked 
| 115|0x0000000712600000, 0x0000000712600000, 0x0000000712800000|  0%| F|  |TAMS 0x0000000712600000, 0x0000000712600000| Untracked 
| 116|0x0000000712800000, 0x0000000712800000, 0x0000000712a00000|  0%| F|  |TAMS 0x0000000712800000, 0x0000000712800000| Untracked 
| 117|0x0000000712a00000, 0x0000000712a00000, 0x0000000712c00000|  0%| F|  |TAMS 0x0000000712a00000, 0x0000000712a00000| Untracked 
| 118|0x0000000712c00000, 0x0000000712c00000, 0x0000000712e00000|  0%| F|  |TAMS 0x0000000712c00000, 0x0000000712c00000| Untracked 
| 119|0x0000000712e00000, 0x0000000712ee2ef8, 0x0000000713000000| 44%| E|  |TAMS 0x0000000712e00000, 0x0000000712e00000| Complete 
| 120|0x0000000713000000, 0x0000000713200000, 0x0000000713200000|100%| E|CS|TAMS 0x0000000713000000, 0x0000000713000000| Complete 
| 121|0x0000000713200000, 0x0000000713400000, 0x0000000713400000|100%| E|CS|TAMS 0x0000000713200000, 0x0000000713200000| Complete 
| 122|0x0000000713400000, 0x0000000713600000, 0x0000000713600000|100%| E|CS|TAMS 0x0000000713400000, 0x0000000713400000| Complete 
| 123|0x0000000713600000, 0x0000000713800000, 0x0000000713800000|100%| E|CS|TAMS 0x0000000713600000, 0x0000000713600000| Complete 
| 124|0x0000000713800000, 0x0000000713a00000, 0x0000000713a00000|100%| E|CS|TAMS 0x0000000713800000, 0x0000000713800000| Complete 
| 125|0x0000000713a00000, 0x0000000713c00000, 0x0000000713c00000|100%| E|CS|TAMS 0x0000000713a00000, 0x0000000713a00000| Complete 

Card table byte_map: [0x0000018415280000,0x0000018415a60000] _byte_map_base: 0x0000018411a60000

Marking Bits (Prev, Next): (CMBitMap*) 0x00000184003b6f50, (CMBitMap*) 0x00000184003b6f90
 Prev Bits: [0x0000018416240000, 0x000001841a140000)
 Next Bits: [0x000001841a140000, 0x000001841e040000)

Polling page: 0x00000184001e0000

Metaspace:

Usage:
  Non-class:     14.09 MB used.
      Class:      1.65 MB used.
       Both:     15.73 MB used.

Virtual space:
  Non-class space:       64.00 MB reserved,      14.12 MB ( 22%) committed,  1 nodes.
      Class space:        1.00 GB reserved,       1.75 MB ( <1%) committed,  1 nodes.
             Both:        1.06 GB reserved,      15.88 MB (  1%) committed. 

Chunk freelists:
   Non-Class:  1.00 MB
       Class:  14.23 MB
        Both:  15.23 MB

MaxMetaspaceSize: unlimited
CompressedClassSpaceSize: 1.00 GB
Initial GC threshold: 21.00 MB
Current GC threshold: 21.00 MB
CDS: off
MetaspaceReclaimPolicy: balanced
 - commit_granule_bytes: 65536.
 - commit_granule_words: 8192.
 - virtual_space_node_default_size: 8388608.
 - enlarge_chunks_in_place: 1.
 - new_chunks_are_fully_committed: 0.
 - uncommit_free_chunks: 1.
 - use_allocation_guard: 0.
 - handle_deallocations: 1.


Internal statistics:

num_allocs_failed_limit: 0.
num_arena_births: 124.
num_arena_deaths: 0.
num_vsnodes_births: 2.
num_vsnodes_deaths: 0.
num_space_committed: 254.
num_space_uncommitted: 0.
num_chunks_returned_to_freelist: 0.
num_chunks_taken_from_freelist: 257.
num_chunk_merges: 0.
num_chunk_splits: 147.
num_chunks_enlarged: 92.
num_inconsistent_stats: 0.

CodeHeap 'non-profiled nmethods': size=120000Kb used=288Kb max_used=288Kb free=119711Kb
 bounds [0x000001840cb00000, 0x000001840cd70000, 0x0000018414030000]
CodeHeap 'profiled nmethods': size=120000Kb used=1584Kb max_used=1584Kb free=118415Kb
 bounds [0x0000018405030000, 0x00000184052a0000, 0x000001840c560000]
CodeHeap 'non-nmethods': size=5760Kb used=1200Kb max_used=1214Kb free=4560Kb
 bounds [0x000001840c560000, 0x000001840c7d0000, 0x000001840cb00000]
 total_blobs=1462 nmethods=979 adapters=396
 compilation: enabled
              stopped_count=0, restarted_count=0
 full_count=0

Compilation events (20 events):
Event: 0.514 Thread 0x00000184250d47e0  968       3       jdk.internal.reflect.ClassFileAssembler::emitByte (11 bytes)
Event: 0.514 Thread 0x00000184250d47e0 nmethod 968 0x00000184051ba610 code [0x00000184051ba7c0, 0x00000184051ba968]
Event: 0.514 Thread 0x00000184250d47e0  969       3       jdk.internal.reflect.ByteVectorImpl::add (38 bytes)
Event: 0.514 Thread 0x00000184250d47e0 nmethod 969 0x00000184051baa90 code [0x00000184051bac40, 0x00000184051bae28]
Event: 0.515 Thread 0x00000184250d47e0  970       1       java.util.concurrent.locks.AbstractOwnableSynchronizer::setExclusiveOwnerThread (6 bytes)
Event: 0.516 Thread 0x00000184250d47e0 nmethod 970 0x000001840cb46790 code [0x000001840cb46920, 0x000001840cb46a38]
Event: 0.517 Thread 0x00000184250b7420  972       4       java.lang.invoke.VarHandle::checkExactAccessMode (28 bytes)
Event: 0.517 Thread 0x0000018425699c00  973       4       java.lang.invoke.VarForm::getMemberName (31 bytes)
Event: 0.517 Thread 0x00000184250d47e0  974       3       java.lang.invoke.MethodType::erase (8 bytes)
Event: 0.517 Thread 0x00000184250d47e0 nmethod 974 0x00000184051baf90 code [0x00000184051bb120, 0x00000184051bb258]
Event: 0.518 Thread 0x00000184250d47e0  976       3       java.lang.invoke.Invokers$Holder::linkToTargetMethod (8 bytes)
Event: 0.518 Thread 0x00000184250d47e0 nmethod 976 0x00000184051bb310 code [0x00000184051bb4c0, 0x00000184051bb7b8]
Event: 0.518 Thread 0x00000184250d47e0  977       3       java.lang.invoke.LambdaForm$MH/0x00000008000c4000::invoke (8 bytes)
Event: 0.518 Thread 0x00000184250d47e0 nmethod 977 0x00000184051bb890 code [0x00000184051bba20, 0x00000184051bbc78]
Event: 0.518 Thread 0x0000018425699c00 nmethod 973 0x000001840cb47090 code [0x000001840cb47220, 0x000001840cb47328]
Event: 0.519 Thread 0x00000184250b7420 nmethod 972 0x000001840cb47410 code [0x000001840cb475a0, 0x000001840cb47808]
Event: 0.523 Thread 0x00000184250d47e0  978  s    3       java.io.ByteArrayOutputStream::toByteArray (12 bytes)
Event: 0.523 Thread 0x00000184250d47e0 nmethod 978 0x00000184051bbd90 code [0x00000184051bbf40, 0x00000184051bc148]
Event: 0.526 Thread 0x0000018425699c00  979       4       java.util.concurrent.ConcurrentHashMap::get (162 bytes)
Event: 0.528 Thread 0x0000018425699c00 nmethod 979 0x000001840cb47990 code [0x000001840cb47b20, 0x000001840cb47e38]

GC Heap History (0 events):
No events

Dll operation events (1 events):
Event: 0.007 Loaded shared library C:\Program Files\Android\Android Studio1\jbr\bin\java.dll

Deoptimization events (10 events):
Event: 0.290 Thread 0x000001840034a960 DEOPT PACKING pc=0x00000184050618ad sp=0x0000005cac4fdf10
Event: 0.290 Thread 0x000001840034a960 DEOPT UNPACKING pc=0x000001840c5bace3 sp=0x0000005cac4fd3a8 mode 0
Event: 0.384 Thread 0x000001840034a960 Uncommon trap: trap_request=0xffffff45 fr.pc=0x000001840cb174bc relative=0x000000000000041c
Event: 0.384 Thread 0x000001840034a960 Uncommon trap: reason=unstable_if action=reinterpret pc=0x000001840cb174bc method=java.lang.StringLatin1.newString([BII)Ljava/lang/String; @ 1 c2
Event: 0.384 Thread 0x000001840034a960 DEOPT PACKING pc=0x000001840cb174bc sp=0x0000005cac4fe6c0
Event: 0.384 Thread 0x000001840034a960 DEOPT UNPACKING pc=0x000001840c5ba1a3 sp=0x0000005cac4fe688 mode 2
Event: 0.392 Thread 0x000001840034a960 DEOPT PACKING pc=0x0000018405045fe7 sp=0x0000005cac4fd910
Event: 0.392 Thread 0x000001840034a960 DEOPT UNPACKING pc=0x000001840c5bace3 sp=0x0000005cac4fcd30 mode 0
Event: 0.417 Thread 0x000001840034a960 DEOPT PACKING pc=0x0000018405041951 sp=0x0000005cac4fd060
Event: 0.417 Thread 0x000001840034a960 DEOPT UNPACKING pc=0x000001840c5bace3 sp=0x0000005cac4fc4d8 mode 0

Classes unloaded (0 events):
No events

Classes redefined (0 events):
No events

Internal exceptions (20 events):
Event: 0.213 Thread 0x000001840034a960 Exception <a 'java/lang/NoSuchMethodError'{0x000000071397b730}: 'int java.lang.invoke.DirectMethodHandle$Holder.invokeStaticInit(java.lang.Object, java.lang.Object)'> (0x000000071397b730) 
thrown [s\src\hotspot\share\interpreter\linkResolver.cpp, line 771]
Event: 0.245 Thread 0x000001840034a960 Exception <a 'java/lang/NoSuchMethodError'{0x0000000713661c68}: 'java.lang.Object java.lang.invoke.DirectMethodHandle$Holder.invokeStaticInit(java.lang.Object, int, int, int, int)'> (0x0000000713661c68) 
thrown [s\src\hotspot\share\interpreter\linkResolver.cpp, line 771]
Event: 0.295 Thread 0x000001840034a960 Exception <a 'java/lang/NoSuchMethodError'{0x0000000713726e70}: 'java.lang.Object java.lang.invoke.DirectMethodHandle$Holder.invokeStaticInit(java.lang.Object, java.lang.Object, int, int, int, int)'> (0x0000000713726e70) 
thrown [s\src\hotspot\share\interpreter\linkResolver.cpp, line 771]
Event: 0.303 Thread 0x000001840034a960 Exception <a 'java/lang/NoSuchMethodError'{0x0000000713790080}: 'java.lang.Object java.lang.invoke.DirectMethodHandle$Holder.invokeStatic(java.lang.Object, java.lang.Object, int)'> (0x0000000713790080) 
thrown [s\src\hotspot\share\interpreter\linkResolver.cpp, line 771]
Event: 0.303 Thread 0x000001840034a960 Exception <a 'java/lang/NoSuchMethodError'{0x00000007137937f8}: 'java.lang.Object java.lang.invoke.DirectMethodHandle$Holder.invokeStaticInit(java.lang.Object, java.lang.Object, int)'> (0x00000007137937f8) 
thrown [s\src\hotspot\share\interpreter\linkResolver.cpp, line 771]
Event: 0.304 Thread 0x000001840034a960 Exception <a 'java/lang/NoSuchMethodError'{0x0000000713799ba8}: 'java.lang.Object java.lang.invoke.DirectMethodHandle$Holder.newInvokeSpecial(java.lang.Object, java.lang.Object, int)'> (0x0000000713799ba8) 
thrown [s\src\hotspot\share\interpreter\linkResolver.cpp, line 771]
Event: 0.306 Thread 0x000001840034a960 Exception <a 'java/lang/NoSuchMethodError'{0x00000007137a9298}: 'int java.lang.invoke.DirectMethodHandle$Holder.invokeStaticInit(java.lang.Object, java.lang.Object, java.lang.Object)'> (0x00000007137a9298) 
thrown [s\src\hotspot\share\interpreter\linkResolver.cpp, line 771]
Event: 0.308 Thread 0x000001840034a960 Exception <a 'java/lang/NoSuchMethodError'{0x00000007137b9478}: 'int java.lang.invoke.DirectMethodHandle$Holder.invokeSpecial(java.lang.Object, java.lang.Object, java.lang.Object)'> (0x00000007137b9478) 
thrown [s\src\hotspot\share\interpreter\linkResolver.cpp, line 771]
Event: 0.309 Thread 0x000001840034a960 Exception <a 'java/lang/NoSuchMethodError'{0x00000007137c1858}: 'int java.lang.invoke.DirectMethodHandle$Holder.invokeSpecialIFC(java.lang.Object, java.lang.Object, java.lang.Object)'> (0x00000007137c1858) 
thrown [s\src\hotspot\share\interpreter\linkResolver.cpp, line 771]
Event: 0.334 Thread 0x000001840034a960 Exception <a 'java/lang/NoSuchMethodError'{0x000000071344dfa0}: 'java.lang.Object java.lang.invoke.DirectMethodHandle$Holder.invokeStaticInit(java.lang.Object)'> (0x000000071344dfa0) 
thrown [s\src\hotspot\share\interpreter\linkResolver.cpp, line 771]
Event: 0.392 Thread 0x000001840034a960 Exception <a 'java/lang/NoSuchMethodError'{0x0000000713597d10}: 'java.lang.Object java.lang.invoke.DirectMethodHandle$Holder.newInvokeSpecial(java.lang.Object, java.lang.Object, java.lang.Object, java.lang.Object, java.lang.Object)'> (0x0000000713597d10) 
thrown [s\src\hotspot\share\interpreter\linkResolver.cpp, line 771]
Event: 0.419 Thread 0x000001840034a960 Exception <a 'java/lang/NoSuchMethodError'{0x000000071335cd18}: 'java.lang.Object java.lang.invoke.DirectMethodHandle$Holder.invokeSpecial(java.lang.Object, java.lang.Object, java.lang.Object, java.lang.Object, int)'> (0x000000071335cd18) 
thrown [s\src\hotspot\share\interpreter\linkResolver.cpp, line 771]
Event: 0.419 Thread 0x000001840034a960 Exception <a 'java/lang/NoSuchMethodError'{0x00000007133608e0}: 'java.lang.Object java.lang.invoke.Invokers$Holder.linkToTargetMethod(java.lang.Object, java.lang.Object, int, java.lang.Object)'> (0x00000007133608e0) 
thrown [s\src\hotspot\share\interpreter\linkResolver.cpp, line 771]
Event: 0.429 Thread 0x000001840034a960 Exception <a 'java/lang/NoSuchMethodError'{0x00000007133c07c0}: 'void java.lang.invoke.DirectMethodHandle$Holder.invokeSpecial(java.lang.Object, java.lang.Object, java.lang.Object)'> (0x00000007133c07c0) 
thrown [s\src\hotspot\share\interpreter\linkResolver.cpp, line 771]
Event: 0.443 Thread 0x000001842561e7b0 Exception <a 'java/lang/NoSuchMethodError'{0x00000007135e8e40}: 'void java.lang.invoke.DirectMethodHandle$Holder.invokeStatic(java.lang.Object, java.lang.Object, int)'> (0x00000007135e8e40) 
thrown [s\src\hotspot\share\interpreter\linkResolver.cpp, line 771]
Event: 0.443 Thread 0x000001840034a960 Exception <a 'java/lang/NoSuchMethodError'{0x0000000713047798}: 'void java.lang.invoke.DirectMethodHandle$Holder.invokeSpecial(java.lang.Object, java.lang.Object, java.lang.Object, java.lang.Object, java.lang.Object)'> (0x0000000713047798) 
thrown [s\src\hotspot\share\interpreter\linkResolver.cpp, line 771]
Event: 0.450 Thread 0x0000018425683470 Exception <a 'java/lang/NoSuchMethodError'{0x0000000713106b48}: 'void java.lang.invoke.DirectMethodHandle$Holder.invokeInterface(java.lang.Object, java.lang.Object, java.lang.Object)'> (0x0000000713106b48) 
thrown [s\src\hotspot\share\interpreter\linkResolver.cpp, line 771]
Event: 0.452 Thread 0x0000018425683470 Exception <a 'java/lang/NoSuchMethodError'{0x000000071311d030}: 'int java.lang.invoke.DirectMethodHandle$Holder.invokeStaticInit(java.lang.Object, int, int)'> (0x000000071311d030) 
thrown [s\src\hotspot\share\interpreter\linkResolver.cpp, line 771]
Event: 0.457 Thread 0x0000018425683470 Exception <a 'java/lang/NoSuchMethodError'{0x000000071315fd50}: 'void java.lang.invoke.DirectMethodHandle$Holder.invokeVirtual(java.lang.Object, java.lang.Object)'> (0x000000071315fd50) 
thrown [s\src\hotspot\share\interpreter\linkResolver.cpp, line 771]
Event: 0.504 Thread 0x0000018425683470 Exception <a 'java/lang/NoSuchMethodError'{0x0000000712e73e40}: 'void java.lang.invoke.DirectMethodHandle$Holder.invokeInterface(java.lang.Object, java.lang.Object)'> (0x0000000712e73e40) 
thrown [s\src\hotspot\share\interpreter\linkResolver.cpp, line 771]

VM Operations (8 events):
Event: 0.096 Executing VM operation: HandshakeAllThreads
Event: 0.096 Executing VM operation: HandshakeAllThreads done
Event: 0.109 Executing VM operation: HandshakeAllThreads
Event: 0.109 Executing VM operation: HandshakeAllThreads done
Event: 0.258 Executing VM operation: HandshakeAllThreads
Event: 0.258 Executing VM operation: HandshakeAllThreads done
Event: 0.336 Executing VM operation: HandshakeAllThreads
Event: 0.336 Executing VM operation: HandshakeAllThreads done

Events (20 events):
Event: 0.524 loading class sun/security/x509/GeneralNames done
Event: 0.524 loading class sun/security/x509/GeneralName
Event: 0.524 loading class sun/security/x509/GeneralName done
Event: 0.524 loading class sun/security/x509/DNSName
Event: 0.525 loading class sun/security/x509/DNSName done
Event: 0.525 loading class sun/security/x509/X509AttributeName
Event: 0.525 loading class sun/security/x509/X509AttributeName done
Event: 0.525 loading class sun/security/util/MemoryCache$SoftCacheEntry
Event: 0.525 loading class sun/security/util/MemoryCache$CacheEntry
Event: 0.525 loading class sun/security/util/MemoryCache$CacheEntry done
Event: 0.525 loading class sun/security/util/MemoryCache$SoftCacheEntry done
Event: 0.525 loading class jdk/internal/event/X509CertificateEvent
Event: 0.525 loading class jdk/internal/event/X509CertificateEvent done
Event: 0.525 loading class jdk/internal/event/EventHelper
Event: 0.525 loading class jdk/internal/event/EventHelper done
Event: 0.525 loading class sun/security/ssl/X509Authentication$X509Credentials
Event: 0.525 loading class sun/security/ssl/X509Authentication$X509Credentials done
Event: 0.525 loading class sun/security/ssl/CertificateVerify$T13CertificateVerifyMessage
Event: 0.526 loading class sun/security/ssl/CertificateVerify$T13CertificateVerifyMessage done
Event: 0.526 loading class sun/security/util/SignatureUtil


Dynamic libraries:
0x00007ff74a750000 - 0x00007ff74a75a000 	C:\Program Files\Android\Android Studio1\jbr\bin\java.exe
0x00007ff9a3630000 - 0x00007ff9a3847000 	C:\WINDOWS\SYSTEM32\ntdll.dll
0x00007ff9a2e20000 - 0x00007ff9a2ee4000 	C:\WINDOWS\System32\KERNEL32.DLL
0x00007ff9a0db0000 - 0x00007ff9a1157000 	C:\WINDOWS\System32\KERNELBASE.dll
0x00007ff999600000 - 0x00007ff999697000 	C:\WINDOWS\SYSTEM32\apphelp.dll
0x00007ff9a1210000 - 0x00007ff9a1321000 	C:\WINDOWS\System32\ucrtbase.dll
0x00007ff994ef0000 - 0x00007ff994f07000 	C:\Program Files\Android\Android Studio1\jbr\bin\jli.dll
0x00007ff99d520000 - 0x00007ff99d53b000 	C:\Program Files\Android\Android Studio1\jbr\bin\VCRUNTIME140.dll
0x00007ff9a31a0000 - 0x00007ff9a334e000 	C:\WINDOWS\System32\USER32.dll
0x00007ff9a1330000 - 0x00007ff9a1356000 	C:\WINDOWS\System32\win32u.dll
0x00007ff9950f0000 - 0x00007ff995383000 	C:\WINDOWS\WinSxS\amd64_microsoft.windows.common-controls_6595b64144ccf1df_6.0.22621.3527_none_270e469b73872a76\COMCTL32.dll
0x00007ff9a3110000 - 0x00007ff9a3139000 	C:\WINDOWS\System32\GDI32.dll
0x00007ff9a3350000 - 0x00007ff9a33f7000 	C:\WINDOWS\System32\msvcrt.dll
0x00007ff9a0ac0000 - 0x00007ff9a0bd9000 	C:\WINDOWS\System32\gdi32full.dll
0x00007ff9a0be0000 - 0x00007ff9a0c7a000 	C:\WINDOWS\System32\msvcp_win.dll
0x00007ff9a2650000 - 0x00007ff9a2681000 	C:\WINDOWS\System32\IMM32.DLL
0x00007ff99d510000 - 0x00007ff99d51c000 	C:\Program Files\Android\Android Studio1\jbr\bin\vcruntime140_1.dll
0x00007ff96f3f0000 - 0x00007ff96f47d000 	C:\Program Files\Android\Android Studio1\jbr\bin\msvcp140.dll
0x00007ff945da0000 - 0x00007ff946a23000 	C:\Program Files\Android\Android Studio1\jbr\bin\server\jvm.dll
0x00007ff9a27f0000 - 0x00007ff9a28a2000 	C:\WINDOWS\System32\ADVAPI32.dll
0x00007ff9a26a0000 - 0x00007ff9a2748000 	C:\WINDOWS\System32\sechost.dll
0x00007ff9a1160000 - 0x00007ff9a1188000 	C:\WINDOWS\System32\bcrypt.dll
0x00007ff9a1530000 - 0x00007ff9a1645000 	C:\WINDOWS\System32\RPCRT4.dll
0x00007ff9a0810000 - 0x00007ff9a085d000 	C:\WINDOWS\SYSTEM32\POWRPROF.dll
0x00007ff99d540000 - 0x00007ff99d549000 	C:\WINDOWS\SYSTEM32\WSOCK32.dll
0x00007ff9998d0000 - 0x00007ff999904000 	C:\WINDOWS\SYSTEM32\WINMM.dll
0x00007ff9a28b0000 - 0x00007ff9a2921000 	C:\WINDOWS\System32\WS2_32.dll
0x00007ff9994f0000 - 0x00007ff9994fa000 	C:\WINDOWS\SYSTEM32\VERSION.dll
0x00007ff9a07f0000 - 0x00007ff9a0803000 	C:\WINDOWS\SYSTEM32\UMPDC.dll
0x00007ff99f930000 - 0x00007ff99f948000 	C:\WINDOWS\SYSTEM32\kernel.appcore.dll
0x00007ff99a970000 - 0x00007ff99a97a000 	C:\Program Files\Android\Android Studio1\jbr\bin\jimage.dll
0x00007ff99e210000 - 0x00007ff99e443000 	C:\WINDOWS\SYSTEM32\DBGHELP.DLL
0x00007ff9a2a70000 - 0x00007ff9a2df8000 	C:\WINDOWS\System32\combase.dll
0x00007ff9a3400000 - 0x00007ff9a34d7000 	C:\WINDOWS\System32\OLEAUT32.dll
0x00007ff995d00000 - 0x00007ff995d32000 	C:\WINDOWS\SYSTEM32\dbgcore.DLL
0x00007ff9a1190000 - 0x00007ff9a1209000 	C:\WINDOWS\System32\bcryptPrimitives.dll
0x00007ff9955d0000 - 0x00007ff9955f5000 	C:\Program Files\Android\Android Studio1\jbr\bin\java.dll
0x00007ff995570000 - 0x00007ff995588000 	C:\Program Files\Android\Android Studio1\jbr\bin\zip.dll
0x00007ff9a1870000 - 0x00007ff9a20cc000 	C:\WINDOWS\System32\SHELL32.dll
0x00007ff99e840000 - 0x00007ff99f136000 	C:\WINDOWS\SYSTEM32\windows.storage.dll
0x00007ff99e700000 - 0x00007ff99e83e000 	C:\WINDOWS\SYSTEM32\wintypes.dll
0x00007ff9a34f0000 - 0x00007ff9a35e5000 	C:\WINDOWS\System32\SHCORE.dll
0x00007ff9a3140000 - 0x00007ff9a319e000 	C:\WINDOWS\System32\shlwapi.dll
0x00007ff9a0880000 - 0x00007ff9a08a1000 	C:\WINDOWS\SYSTEM32\profapi.dll
0x00007ff9950d0000 - 0x00007ff9950e9000 	C:\Program Files\Android\Android Studio1\jbr\bin\net.dll
0x00007ff99a690000 - 0x00007ff99a7c6000 	C:\WINDOWS\SYSTEM32\WINHTTP.dll
0x00007ff99fd90000 - 0x00007ff99fdf9000 	C:\WINDOWS\system32\mswsock.dll
0x00007ff994bd0000 - 0x00007ff994be6000 	C:\Program Files\Android\Android Studio1\jbr\bin\nio.dll
0x00007ff9a00e0000 - 0x00007ff9a00fb000 	C:\WINDOWS\SYSTEM32\CRYPTSP.dll
0x00007ff99f890000 - 0x00007ff99f8c5000 	C:\WINDOWS\system32\rsaenh.dll
0x00007ff99fe30000 - 0x00007ff99fe58000 	C:\WINDOWS\SYSTEM32\USERENV.dll
0x00007ff9a00c0000 - 0x00007ff9a00cc000 	C:\WINDOWS\SYSTEM32\CRYPTBASE.dll
0x00007ff99f3a0000 - 0x00007ff99f3cd000 	C:\WINDOWS\SYSTEM32\IPHLPAPI.DLL
0x00007ff9a2690000 - 0x00007ff9a2699000 	C:\WINDOWS\System32\NSI.dll
0x00007ff99a370000 - 0x00007ff99a389000 	C:\WINDOWS\SYSTEM32\dhcpcsvc6.DLL
0x00007ff999fb0000 - 0x00007ff999fcf000 	C:\WINDOWS\SYSTEM32\dhcpcsvc.DLL
0x00007ff99f3d0000 - 0x00007ff99f4c9000 	C:\WINDOWS\SYSTEM32\DNSAPI.dll
0x00007ff99a830000 - 0x00007ff99a838000 	C:\WINDOWS\system32\wshunix.dll
0x00007ff99a800000 - 0x00007ff99a809000 	C:\Program Files\Android\Android Studio1\jbr\bin\extnet.dll

dbghelp: loaded successfully - version: 4.0.5 - missing functions: none
symbol engine: initialized successfully - sym options: 0x614 - pdb path: .;C:\Program Files\Android\Android Studio1\jbr\bin;C:\WINDOWS\SYSTEM32;C:\WINDOWS\WinSxS\amd64_microsoft.windows.common-controls_6595b64144ccf1df_6.0.22621.3527_none_270e469b73872a76;C:\Program Files\Android\Android Studio1\jbr\bin\server

VM Arguments:
java_command: git4idea.http.GitAskPassApp Password for 'https://bhagwanv@github.com': 
java_class_path (initial): C:/Program Files/Android/Android Studio1/plugins/vcs-git/lib/git4idea-rt.jar;C:/Program Files/Android/Android Studio1/lib/externalProcess-rt.jar
Launcher Type: SUN_STANDARD

[Global flags]
     intx CICompilerCount                          = 4                                         {product} {ergonomic}
     uint ConcGCThreads                            = 2                                         {product} {ergonomic}
     uint G1ConcRefinementThreads                  = 8                                         {product} {ergonomic}
   size_t G1HeapRegionSize                         = 2097152                                   {product} {ergonomic}
    uintx GCDrainStackTargetSize                   = 64                                        {product} {ergonomic}
   size_t InitialHeapSize                          = 264241152                                 {product} {ergonomic}
   size_t MarkStackSize                            = 4194304                                   {product} {ergonomic}
   size_t MaxHeapSize                              = 4227858432                                {product} {ergonomic}
   size_t MaxNewSize                               = 2535456768                                {product} {ergonomic}
   size_t MinHeapDeltaBytes                        = 2097152                                   {product} {ergonomic}
   size_t MinHeapSize                              = 8388608                                   {product} {ergonomic}
    uintx NonNMethodCodeHeapSize                   = 5839372                                {pd product} {ergonomic}
    uintx NonProfiledCodeHeapSize                  = 122909434                              {pd product} {ergonomic}
    uintx ProfiledCodeHeapSize                     = 122909434                              {pd product} {ergonomic}
    uintx ReservedCodeCacheSize                    = 251658240                              {pd product} {ergonomic}
     bool SegmentedCodeCache                       = true                                      {product} {ergonomic}
   size_t SoftMaxHeapSize                          = 4227858432                             {manageable} {ergonomic}
     bool UseCompressedClassPointers               = true                           {product lp64_product} {ergonomic}
     bool UseCompressedOops                        = true                           {product lp64_product} {ergonomic}
     bool UseG1GC                                  = true                                      {product} {ergonomic}
     bool UseLargePagesIndividualAllocation        = false                                  {pd product} {ergonomic}

Logging:
Log output configuration:
 #0: stdout all=warning uptime,level,tags
 #1: stderr all=off uptime,level,tags

Environment Variables:
JAVA_HOME=C:\Program Files\Java\jdk-19\bin
PATH=C:\Program Files\Git\mingw64\libexec\git-core;C:\Program Files\Git\mingw64\libexec\git-core;C:\Program Files\Git\mingw64\bin;C:\Program Files\Git\usr\bin;C:\Users\SK\bin;C:\Program Files\Common Files\Oracle\Java\javapath;C:\WINDOWS\system32;C:\WINDOWS;C:\WINDOWS\System32\Wbem;C:\WINDOWS\System32\WindowsPowerShell\v1.0;C:\WINDOWS\System32\OpenSSH;C:\Program Files\nodejs;C:\src\flutter\bin;C:\Program Files\Git\cmd;C:\Users\SK\AppData\Local\Microsoft\WindowsApps;C:\Users\SK\AppData\Roaming\npm;C:\Program Files\Java\jdk-19\bin
USERNAME=SK
DISPLAY=:0.0
LC_ALL=en_US.UTF-8
TERM=xterm-256color
TMPDIR=C:\Users\SK\AppData\Local\Temp
OS=Windows_NT
PROCESSOR_IDENTIFIER=Intel64 Family 6 Model 140 Stepping 1, GenuineIntel
TMP=C:\Users\SK\AppData\Local\Temp
TEMP=C:\Users\SK\AppData\Local\Temp



Periodic native trim disabled

JNI global refs:
JNI global refs: 19, weak refs: 0

JNI global refs memory usage: 843, weak refs: 841

OOME stack traces (most recent first):
Classloader memory used:
Loader bootstrap                                                                       : 1831K
Loader jdk.internal.loader.ClassLoaders$PlatformClassLoader                            : 179K
Loader jdk.internal.loader.ClassLoaders$AppClassLoader                                 : 1815B
Loader jdk.internal.reflect.DelegatingClassLoader                                      : 432B


---------------  S Y S T E M  ---------------

OS:
 Windows 11 , 64 bit Build 22621 (10.0.22621.3527)
OS uptime: 16 days 19:57 hours
Hyper-V role detected

CPU: total 8 (initial active 8) (4 cores per cpu, 2 threads per core) family 6 model 140 stepping 1 microcode 0xb4, cx8, cmov, fxsr, ht, mmx, 3dnowpref, sse, sse2, sse3, ssse3, sse4.1, sse4.2, popcnt, lzcnt, tsc, tscinvbit, avx, avx2, aes, erms, clmul, bmi1, bmi2, adx, avx512f, avx512dq, avx512cd, avx512bw, avx512vl, sha, fma, vzeroupper, avx512_vpopcntdq, avx512_vpclmulqdq, avx512_vaes, avx512_vnni, clflush, clflushopt, clwb, avx512_vbmi2, avx512_vbmi, hv
Processor Information for processor 0
  Max Mhz: 1382, Current Mhz: 1184, Mhz Limit: 1382
Processor Information for processor 1
  Max Mhz: 1382, Current Mhz: 1382, Mhz Limit: 1382
Processor Information for processor 2
  Max Mhz: 1382, Current Mhz: 1382, Mhz Limit: 1382
Processor Information for processor 3
  Max Mhz: 1382, Current Mhz: 1382, Mhz Limit: 1382
Processor Information for processor 4
  Max Mhz: 1382, Current Mhz: 1382, Mhz Limit: 1382
Processor Information for processor 5
  Max Mhz: 1382, Current Mhz: 1382, Mhz Limit: 1382
Processor Information for processor 6
  Max Mhz: 1382, Current Mhz: 1184, Mhz Limit: 1382
Processor Information for processor 7
  Max Mhz: 1382, Current Mhz: 1382, Mhz Limit: 1382

Memory: 4k page, system-wide physical 16126M (1661M free)
TotalPageFile size 51966M (AvailPageFile size 5M)
current process WorkingSet (physical memory assigned to process): 69M, peak: 69M
current process commit charge ("private bytes"): 350M, peak: 351M

vm_info: OpenJDK 64-Bit Server VM (17.0.10+0--11572160) for windows-amd64 JRE (17.0.10+0--11572160), built on Mar 13 2024 23:56:38 by "androidbuild" with MS VC++ 16.10 / 16.11 (VS2019)

END.
